build/app/outputs/mapping/release/seeds.txt
com.gds.customer.MainActivity
com.gds.customer.MainActivity: MainActivity()
...
com.google.android.recaptcha.internal.zzdw: void zza(int,com.google.android.recaptcha.internal.zzcj,com.google.android.recaptcha.internal.zzpq[])
com.google.firebase.perf.v1.ApplicationProcessState: com.google.firebase.perf.v1.ApplicationProcessState valueOf(java.lang.String)
com.google.android.gms.internal.firebase-auth-api.zzte: com.google.android.gms.internal.firebase-auth-api.zzte zzd()
com.stripe.android.financialconnections.features.networkingsavetolinkverification.NetworkingSaveToLinkVerificationViewModel$Companion: com.stripe.android.financialconnections.features.networkingsavetolinkverification.NetworkingSaveToLinkVerificationState initialState(com.airbnb.mvrx.ViewModelContext)
com.google.android.gms.internal.firebase-auth-api.zzaik: void zze(int,int)
androidx.window.core.Bounds: int getRight()
androidx.appcompat.widget.ButtonBarLayout: void setAllowStacking(boolean)
com.google.android.gms.internal.location.zzck: zzck()
com.stripe.android.financialconnections.model.Cta$Companion: kotlinx.serialization.KSerializer serializer()
com.google.android.gms.internal.firebase-auth-api.zzafe: java.util.List zza()
com.google.android.play.core.integrity.v: com.google.android.play.core.integrity.o a(android.content.Context)
com.stripe.android.financialconnections.model.OwnershipRefresh$Status$Companion: kotlinx.serialization.KSerializer serializer()
com.google.android.recaptcha.internal.zzgy: byte zza()
com.google.android.gms.internal.firebase-auth-api.zzajj: com.google.android.gms.internal.firebase-auth-api.zzajj zzi()
com.google.android.recaptcha.internal.zznn: com.google.android.recaptcha.internal.zznn zze(com.google.android.recaptcha.internal.zzib)
com.google.android.gms.internal.firebase-auth-api.zzaq: com.google.android.gms.internal.firebase-auth-api.zzaq zza(java.util.Collection)
com.google.android.gms.internal.auth.zzei: int zzb(int)
com.google.android.gms.internal.auth.zzgu: java.lang.Object remove(java.lang.Object)
com.google.firebase.platforminfo.LibraryVersion: LibraryVersion()
androidx.core.view.WindowInsetsCompat$BuilderImpl: WindowInsetsCompat$BuilderImpl()
kotlinx.coroutines.internal.CtorCache: CtorCache()
com.google.android.gms.internal.base.zaq: java.util.concurrent.ExecutorService zac(int,java.util.concurrent.ThreadFactory,int)
com.google.android.gms.internal.firebase-auth-api.zzyl: void zza(java.lang.String,com.google.firebase.auth.ActionCodeSettings,com.google.android.gms.internal.firebase-auth-api.zzacf)
com.google.android.gms.internal.auth.zzfz: com.google.android.gms.internal.auth.zzex zzx(int)
com.stripe.android.ui.core.elements.FormItemSpec$Companion: kotlinx.serialization.KSerializer serializer()
com.google.android.gms.internal.firebase-auth-api.zzea$zza: com.google.android.gms.internal.firebase-auth-api.zzea$zza zza(int)
com.google.android.gms.internal.firebase-auth-api.zzyj: java.lang.String zzd()
com.google.android.recaptcha.internal.zzbw: zzbw(com.google.android.recaptcha.internal.zzca)
com.google.android.recaptcha.internal.zzav: kotlin.coroutines.Continuation create(java.lang.Object,kotlin.coroutines.Continuation)
com.google.android.play.core.integrity.ag: ag()
com.google.android.recaptcha.internal.zzpq: float zzg()
com.google.android.gms.internal.auth.zzgw: java.lang.String zza(com.google.android.gms.internal.auth.zzee)
com.google.android.gms.internal.firebase-auth-api.zzahk: boolean add(java.lang.Object)
com.google.android.gms.internal.maps.zzaw: boolean addAll(java.util.Collection)
com.google.android.recaptcha.internal.zzno: void zzH(com.google.android.recaptcha.internal.zzno,com.google.android.recaptcha.internal.zzib)
com.google.firebase.perf.v1.CpuMetricReading: CpuMetricReading()
com.stripe.android.ui.core.elements.PlaceholderSpec$PlaceholderField: com.stripe.android.ui.core.elements.PlaceholderSpec$PlaceholderField[] values()
io.flutter.embedding.android.FlutterFragmentActivity: FlutterFragmentActivity()
com.google.android.gms.internal.firebase-auth-api.zzagr: zzagr()